  Game.cpp
D:\Programming\Projects\C++\temaPOO\temaPoo\temaPooSDL\temaPooSDL\Game.cpp(45,12): warning C4244: 'argument': conversion from 'time_t' to 'unsigned int', possible loss of data
D:\Programming\Projects\C++\temaPOO\temaPoo\temaPooSDL\temaPooSDL\Game.cpp(125,23): warning C4018: '<': signed/unsigned mismatch
D:\Programming\Projects\C++\temaPOO\temaPoo\temaPooSDL\temaPooSDL\Game.cpp(132,23): warning C4018: '<': signed/unsigned mismatch
  JuggernautArmor.cpp
D:\Programming\Projects\C++\temaPOO\temaPoo\temaPooSDL\temaPooSDL\JuggernautArmor.cpp(16,84): warning C4244: '+=': conversion from 'float' to 'int', possible loss of data
D:\Programming\Projects\C++\temaPOO\temaPoo\temaPooSDL\temaPooSDL\JuggernautArmor.cpp(17,88): warning C4244: '+=': conversion from 'float' to 'int', possible loss of data
D:\Programming\Projects\C++\temaPOO\temaPoo\temaPooSDL\temaPooSDL\JuggernautArmor.cpp(18,86): warning C4244: '+=': conversion from 'float' to 'int', possible loss of data
D:\Programming\Projects\C++\temaPOO\temaPoo\temaPooSDL\temaPooSDL\JuggernautArmor.cpp(19,94): warning C4244: '+=': conversion from 'float' to 'int', possible loss of data
  Map.cpp
D:\Programming\Projects\C++\temaPOO\temaPoo\temaPooSDL\temaPooSDL\Map.cpp(17,12): warning C4244: 'argument': conversion from 'time_t' to 'unsigned int', possible loss of data
D:\Programming\Projects\C++\temaPOO\temaPoo\temaPooSDL\temaPooSDL\Map.cpp(39,20): warning C4018: '<': signed/unsigned mismatch
D:\Programming\Projects\C++\temaPOO\temaPoo\temaPooSDL\temaPooSDL\Map.cpp(40,21): warning C4018: '<': signed/unsigned mismatch
D:\Programming\Projects\C++\temaPOO\temaPoo\temaPooSDL\temaPooSDL\Map.cpp(51,20): warning C4018: '<': signed/unsigned mismatch
D:\Programming\Projects\C++\temaPOO\temaPoo\temaPooSDL\temaPooSDL\Map.cpp(52,21): warning C4018: '<': signed/unsigned mismatch
  Generating code
  0 of 404 functions ( 0.0%) were compiled, the rest were copied from previous compilation.
    0 functions were new in current compilation
    0 functions had inline decision re-evaluated but remain unchanged
  Finished generating code
  temaPooSDL.vcxproj -> D:\Programming\Projects\C++\temaPOO\temaPoo\temaPooSDL\Release\temaPooSDL.exe
